<?xml version="1.0" encoding="UTF-8"?>
<testng-results ignored="0" total="1" passed="1" failed="0" skipped="0">
  <reporter-output>
  </reporter-output>
  <suite started-at="2024-05-06T18:09:24 IST" name="Suite" finished-at="2024-05-06T18:09:52 IST" duration-ms="28337">
    <groups>
    </groups>
    <test started-at="2024-05-06T18:09:24 IST" name="Test" finished-at="2024-05-06T18:09:52 IST" duration-ms="28337">
      <class name="testCases.TC__001Accountregestion">
        <test-method is-config="true" signature="setup(java.lang.String,java.lang.String)[pri:0, instance:testCases.TC__001Accountregestion@55141def]" started-at="2024-05-06T18:09:24 IST" name="setup" finished-at="2024-05-06T18:09:33 IST" duration-ms="8733" status="PASS">
          <params>
            <param index="0">
              <value>
                <![CDATA[windows]]>
              </value>
            </param>
            <param index="1">
              <value>
                <![CDATA[Chrome]]>
              </value>
            </param>
          </params>
          <reporter-output>
          </reporter-output>
        </test-method> <!-- setup -->
        <test-method signature="verify_account_registion()[pri:0, instance:testCases.TC__001Accountregestion@55141def]" started-at="2024-05-06T18:09:33 IST" name="verify_account_registion" finished-at="2024-05-06T18:09:52 IST" duration-ms="19063" status="PASS">
          <reporter-output>
          </reporter-output>
        </test-method> <!-- verify_account_registion -->
        <test-method is-config="true" signature="tearDown()[pri:0, instance:testCases.TC__001Accountregestion@55141def]" started-at="2024-05-06T18:09:52 IST" name="tearDown" finished-at="2024-05-06T18:09:52 IST" duration-ms="96" status="PASS">
          <reporter-output>
          </reporter-output>
        </test-method> <!-- tearDown -->
      </class> <!-- testCases.TC__001Accountregestion -->
    </test> <!-- Test -->
  </suite> <!-- Suite -->
</testng-results>
